<?xml version="1.0" encoding="UTF-8"?>
<!-- Generated by org.testng.reporters.JUnitReportReporter -->
<testsuite skipped="0" hostname="PC452946" name="org.leaftaps.testcases.TC002_CreateLead" tests="1" failures="0" timestamp="2020-04-16T19:00:16 IST" time="10.670" errors="0">
  <testcase name="createLead" time="10.670" classname="org.leaftaps.testcases.TC002_CreateLead"/>
</testsuite> <!-- org.leaftaps.testcases.TC002_CreateLead -->
