<?xml version="1.0" encoding="UTF-8"?>
<!-- Generated by org.testng.reporters.JUnitReportReporter -->
<testsuite skipped="0" hostname="PC452946" name="org.leaftaps.testcases.TC003_EditLead" tests="1" failures="0" timestamp="2020-04-16T19:00:16 IST" time="14.554" errors="0">
  <testcase name="editLead" time="14.554" classname="org.leaftaps.testcases.TC003_EditLead"/>
</testsuite> <!-- org.leaftaps.testcases.TC003_EditLead -->
